<?xml version="1.0" encoding="UTF-8"?>
<!-- Generated by org.testng.reporters.JUnitXMLReporter -->
<testsuite ignored="0" hostname="DESKTOP-HPNOI30" failures="0" tests="3" name="Test" time="71.304" errors="0" timestamp="2023-08-19T20:36:40 IST">
  <testcase classname="tests.DataProviderTest" name="dataProviderTest" time="35.202"/>
  <testcase classname="tests.DataProviderTest" name="dataProviderTest" time="17.066"/>
  <testcase classname="tests.DataProviderTest" name="dataProviderTest" time="15.905"/>
</testsuite> <!-- Test -->
