<?xml version="1.0" encoding="UTF-8"?>
<!-- Generated by org.testng.reporters.JUnitXMLReporter -->
<testsuite ignored="0" hostname="DESKTOP-HPNOI30" failures="1" tests="1" name="Test" time="51.242" errors="0" timestamp="2024-03-12T19:08:40 IST">
  <testcase classname="tests.MyntraTest" name="myntraTest" time="51.145">
    <failure type="java.lang.AssertionError" message="No of Items mismatched expected [3652] but found [3662]">
      <![CDATA[java.lang.AssertionError: No of Items mismatched expected [3652] but found [3662]
at tests.MyntraTest.myntraTest(MyntraTest.java:92)
at java.base/java.util.ArrayList.forEach(ArrayList.java:1511)
... Removed 37 stack frames]]>
    </failure>
  </testcase> <!-- myntraTest -->
</testsuite> <!-- Test -->
