<?xml version="1.0" encoding="UTF-8"?>
<testng-results ignored="0" total="1" passed="1" failed="0" skipped="0">
  <reporter-output>
  </reporter-output>
  <suite started-at="2024-03-12T15:36:42 IST" name="Suite" finished-at="2024-03-12T15:37:34 IST" duration-ms="52117">
    <groups>
    </groups>
    <test started-at="2024-03-12T15:36:42 IST" name="Test" finished-at="2024-03-12T15:37:34 IST" duration-ms="52117">
      <class name="tests.MyntraTest">
        <test-method signature="myntraTest(java.lang.String)[pri:0, instance:tests.MyntraTest@4310d43]" started-at="2024-03-12T15:36:42 IST" name="myntraTest" finished-at="2024-03-12T15:37:34 IST" duration-ms="52021" status="PASS">
          <params>
            <param index="0">
              <value>
                <![CDATA[edge]]>
              </value>
            </param>
          </params>
          <reporter-output>
          </reporter-output>
        </test-method> <!-- myntraTest -->
      </class> <!-- tests.MyntraTest -->
    </test> <!-- Test -->
  </suite> <!-- Suite -->
</testng-results>
